This is pdfTeX, Version 3.141592653-2.6-1.40.28 (TeX Live 2025) (preloaded format=pdflatex 2025.12.13)  23 DEC 2025 21:48
entering extended mode
 restricted \write18 enabled.
 %&-line parsing enabled.
**/home/js/Desktop/MSc/Polimi/Semester1/SoftwareEngineering2/Deliverables/RASD/main.tex
(/home/js/Desktop/MSc/Polimi/Semester1/SoftwareEngineering2/Deliverables/RASD/main.tex
LaTeX2e <2025-11-01>
L3 programming layer <2025-11-14>
(/opt/texlive/2025/texmf-dist/tex/latex/base/article.cls
Document Class: article 2025/01/22 v1.4n Standard LaTeX document class
(/opt/texlive/2025/texmf-dist/tex/latex/base/size11.clo
File: size11.clo 2025/01/22 v1.4n Standard LaTeX file (size option)
)
\c@part=\count275
\c@section=\count276
\c@subsection=\count277
\c@subsubsection=\count278
\c@paragraph=\count279
\c@subparagraph=\count280
\c@figure=\count281
\c@table=\count282
\abovecaptionskip=\skip49
\belowcaptionskip=\skip50
\bibindent=\dimen148
) (./commandsFile.tex (/opt/texlive/2025/texmf-dist/tex/latex/base/inputenc.sty
Package: inputenc 2024/02/08 v1.3d Input encoding file
\inpenc@prehook=\toks17
\inpenc@posthook=\toks18
) (/opt/texlive/2025/texmf-dist/tex/latex/base/fontenc.sty
Package: fontenc 2025/07/18 v2.1d Standard LaTeX package
) (/opt/texlive/2025/texmf-dist/tex/latex/geometry/geometry.sty
Package: geometry 2020/01/02 v5.9 Page Geometry
 (/opt/texlive/2025/texmf-dist/tex/latex/graphics/keyval.sty
Package: keyval 2022/05/29 v1.15 key=value parser (DPC)
\KV@toks@=\toks19
) (/opt/texlive/2025/texmf-dist/tex/generic/iftex/ifvtex.sty
Package: ifvtex 2019/10/25 v1.7 ifvtex legacy package. Use iftex instead.
 (/opt/texlive/2025/texmf-dist/tex/generic/iftex/iftex.sty
Package: iftex 2024/12/12 v1.0g TeX engine tests
))
\Gm@cnth=\count283
\Gm@cntv=\count284
\c@Gm@tempcnt=\count285
\Gm@bindingoffset=\dimen149
\Gm@wd@mp=\dimen150
\Gm@odd@mp=\dimen151
\Gm@even@mp=\dimen152
\Gm@layoutwidth=\dimen153
\Gm@layoutheight=\dimen154
\Gm@layouthoffset=\dimen155
\Gm@layoutvoffset=\dimen156
\Gm@dimlist=\toks20
) (/opt/texlive/2025/texmf-dist/tex/latex/tocloft/tocloft.sty
Package: tocloft 2017/08/31 v2.3i parameterised ToC, etc., typesetting
Package tocloft Info: The document has section divisions on input line 51.
\cftparskip=\skip51
\cftbeforetoctitleskip=\skip52
\cftaftertoctitleskip=\skip53
\cftbeforepartskip=\skip54
\cftpartnumwidth=\skip55
\cftpartindent=\skip56
\cftbeforesecskip=\skip57
\cftsecindent=\skip58
\cftsecnumwidth=\skip59
\cftbeforesubsecskip=\skip60
\cftsubsecindent=\skip61
\cftsubsecnumwidth=\skip62
\cftbeforesubsubsecskip=\skip63
\cftsubsubsecindent=\skip64
\cftsubsubsecnumwidth=\skip65
\cftbeforeparaskip=\skip66
\cftparaindent=\skip67
\cftparanumwidth=\skip68
\cftbeforesubparaskip=\skip69
\cftsubparaindent=\skip70
\cftsubparanumwidth=\skip71
\cftbeforeloftitleskip=\skip72
\cftafterloftitleskip=\skip73
\cftbeforefigskip=\skip74
\cftfigindent=\skip75
\cftfignumwidth=\skip76
\c@lofdepth=\count286
\c@lotdepth=\count287
\cftbeforelottitleskip=\skip77
\cftafterlottitleskip=\skip78
\cftbeforetabskip=\skip79
\cfttabindent=\skip80
\cfttabnumwidth=\skip81
) (/opt/texlive/2025/texmf-dist/tex/latex/fancyhdr/fancyhdr.sty
Package: fancyhdr 2025/02/07 v5.2 Extensive control of page headers and footers
\f@nch@headwidth=\skip82
\f@nch@offset@elh=\skip83
\f@nch@offset@erh=\skip84
\f@nch@offset@olh=\skip85
\f@nch@offset@orh=\skip86
\f@nch@offset@elf=\skip87
\f@nch@offset@erf=\skip88
\f@nch@offset@olf=\skip89
\f@nch@offset@orf=\skip90
\f@nch@height=\skip91
\f@nch@footalignment=\skip92
\f@nch@widthL=\skip93
\f@nch@widthC=\skip94
\f@nch@widthR=\skip95
\@temptokenb=\toks21
) (/opt/texlive/2025/texmf-dist/tex/latex/wasysym/wasysym.sty
Package: wasysym 2020/01/19 v2.4 Wasy-2 symbol support package
\symwasy=\mathgroup4
LaTeX Font Info:    Overwriting symbol font `wasy' in version `bold'
(Font)                  U/wasy/m/n --> U/wasy/b/n on input line 93.
) (/opt/texlive/2025/texmf-dist/tex/latex/psnfss/pifont.sty
Package: pifont 2020/03/25 PSNFSS-v9.3 Pi font support (SPQR) 
LaTeX Font Info:    Trying to load font information for U+pzd on input line 63.
 (/opt/texlive/2025/texmf-dist/tex/latex/psnfss/upzd.fd
File: upzd.fd 2001/06/04 font definitions for U/pzd.
)
LaTeX Font Info:    Trying to load font information for U+psy on input line 64.
 (/opt/texlive/2025/texmf-dist/tex/latex/psnfss/upsy.fd
File: upsy.fd 2001/06/04 font definitions for U/psy.
)) (/opt/texlive/2025/texmf-dist/tex/latex/psnfss/times.sty
Package: times 2020/03/25 PSNFSS-v9.3 (SPQR) 
) (/opt/texlive/2025/texmf-dist/tex/latex/tabu/tabu.sty
Package: tabu 2019/01/11 v2.9 - flexible LaTeX tabulars (FC+tabu-fixed)
 (/opt/texlive/2025/texmf-dist/tex/latex/tools/array.sty
Package: array 2025/09/25 v2.6n Tabular extension package (FMi)
\col@sep=\dimen157
\ar@mcellbox=\box53
\extrarowheight=\dimen158
\NC@list=\toks22
\extratabsurround=\skip96
\backup@length=\skip97
\ar@cellbox=\box54
) (/opt/texlive/2025/texmf-dist/tex/latex/varwidth/varwidth.sty
Package: varwidth 2009/03/30 ver 0.92;  Variable-width minipages
\@vwid@box=\box55
\sift@deathcycles=\count288
\@vwid@loff=\dimen159
\@vwid@roff=\dimen160
)
==> First Aid for varwidth.sty applied!
\c@taburow=\count289
\tabu@nbcols=\count290
\tabu@cnt=\count291
\tabu@Xcol=\count292
\tabu@alloc=\count293
\tabu@nested=\count294
\tabu@target=\dimen161
\tabu@spreadtarget=\dimen162
\tabu@naturalX=\dimen163
\tabucolX=\dimen164
\tabu@Xsum=\dimen165
\extrarowdepth=\dimen166
\abovetabulinesep=\dimen167
\belowtabulinesep=\dimen168
\tabustrutrule=\dimen169
\tabu@thebody=\toks23
\tabu@footnotes=\toks24
\tabu@box=\box56
\tabu@arstrutbox=\box57
\tabu@hleads=\box58
\tabu@vleads=\box59
\tabu@cellskip=\skip98
) (/opt/texlive/2025/texmf-dist/tex/latex/tools/tabularx.sty
Package: tabularx 2023/12/11 v2.12a `tabularx' package (DPC)
\TX@col@width=\dimen170
\TX@old@table=\dimen171
\TX@old@col=\dimen172
\TX@target=\dimen173
\TX@delta=\dimen174
\TX@cols=\count295
\TX@ftn=\toks25
) (/opt/texlive/2025/texmf-dist/tex/latex/ltablex/ltablex.sty
Package: ltablex 2014/08/13 v1.1 Modified tabularx
 (/opt/texlive/2025/texmf-dist/tex/latex/tools/longtable.sty
Package: longtable 2025-10-13 v4.24 Multi-page Table package (DPC)
\LTleft=\skip99
\LTright=\skip100
\LTpre=\skip101
\LTpost=\skip102
\LTchunksize=\count296
\LTcapwidth=\dimen175
\LT@head=\box60
\LT@firsthead=\box61
\LT@foot=\box62
\LT@lastfoot=\box63
\LT@gbox=\box64
\LT@cols=\count297
\LT@rows=\count298
\c@LT@tables=\count299
\c@LT@chunks=\count300
\LT@p@ftn=\toks26
)) (/opt/texlive/2025/texmf-dist/tex/latex/float/float.sty
Package: float 2001/11/08 v1.3d Float enhancements (AL)
\c@float@type=\count301
\float@exts=\toks27
\float@box=\box65
\@float@everytoks=\toks28
\@floatcapt=\box66
) (/opt/texlive/2025/texmf-dist/tex/latex/enumitem/enumitem.sty
Package: enumitem 2025/02/06 v3.11 Customized lists
\labelindent=\skip103
\enit@outerparindent=\dimen176
\enit@toks=\toks29
\enit@inbox=\box67
\enit@count@id=\count302
\enitdp@description=\count303
) (/opt/texlive/2025/texmf-dist/tex/latex/microtype/microtype.sty
Package: microtype 2025/07/09 v3.2b Micro-typographical refinements (RS)
 (/opt/texlive/2025/texmf-dist/tex/latex/etoolbox/etoolbox.sty
Package: etoolbox 2025/10/02 v2.5m e-TeX tools for LaTeX (JAW)
\etb@tempcnta=\count304
)
\MT@toks=\toks30
\MT@tempbox=\box68
\MT@count=\count305
LaTeX Info: Redefining \noprotrusionifhmode on input line 1087.
LaTeX Info: Redefining \leftprotrusion on input line 1088.
\MT@prot@toks=\toks31
LaTeX Info: Redefining \rightprotrusion on input line 1107.
LaTeX Info: Redefining \textls on input line 1449.
\MT@outer@kern=\dimen177
LaTeX Info: Redefining \microtypecontext on input line 2053.
LaTeX Info: Redefining \textmicrotypecontext on input line 2070.
\MT@listname@count=\count306
 (/opt/texlive/2025/texmf-dist/tex/latex/microtype/microtype-pdftex.def
File: microtype-pdftex.def 2025/07/09 v3.2b Definitions specific to pdftex (RS)
LaTeX Info: Redefining \lsstyle on input line 944.
LaTeX Info: Redefining \lslig on input line 944.
\MT@outer@space=\skip104
)
Package microtype Info: Loading configuration file microtype.cfg.
 (/opt/texlive/2025/texmf-dist/tex/latex/microtype/microtype.cfg
File: microtype.cfg 2025/07/09 v3.2b microtype main configuration file (RS)
)
LaTeX Info: Redefining \microtypesetup on input line 3065.
) (/opt/texlive/2025/texmf-dist/tex/latex/base/fontenc.sty
Package: fontenc 2025/07/18 v2.1d Standard LaTeX package
LaTeX Font Info:    Trying to load font information for T1+ptm on input line 116.
 (/opt/texlive/2025/texmf-dist/tex/latex/psnfss/t1ptm.fd
File: t1ptm.fd 2001/06/04 font definitions for T1/ptm.
)) (/opt/texlive/2025/texmf-dist/tex/latex/ragged2e/ragged2e.sty
Package: ragged2e 2023/06/22 v3.6 ragged2e Package
\CenteringLeftskip=\skip105
\RaggedLeftLeftskip=\skip106
\RaggedRightLeftskip=\skip107
\CenteringRightskip=\skip108
\RaggedLeftRightskip=\skip109
\RaggedRightRightskip=\skip110
\CenteringParfillskip=\skip111
\RaggedLeftParfillskip=\skip112
\RaggedRightParfillskip=\skip113
\JustifyingParfillskip=\skip114
\CenteringParindent=\skip115
\RaggedLeftParindent=\skip116
\RaggedRightParindent=\skip117
\JustifyingParindent=\skip118
) (/opt/texlive/2025/texmf-dist/tex/latex/pdflscape/pdflscape.sty
Package: pdflscape 2025-06-23 v0.14 Display of landscape pages in PDF
 (/opt/texlive/2025/texmf-dist/tex/latex/pdflscape/pdflscape-nometadata.sty
Package: pdflscape-nometadata 2025-06-23 v0.14 Display of landscape pages in PDF (HO)
 (/opt/texlive/2025/texmf-dist/tex/latex/graphics/lscape.sty
Package: lscape 2020/05/28 v3.02 Landscape Pages (DPC)
 (/opt/texlive/2025/texmf-dist/tex/latex/graphics/graphics.sty
Package: graphics 2024/08/06 v1.4g Standard LaTeX Graphics (DPC,SPQR)
 (/opt/texlive/2025/texmf-dist/tex/latex/graphics/trig.sty
Package: trig 2023/12/02 v1.11 sin cos tan (DPC)
) (/opt/texlive/2025/texmf-dist/tex/latex/graphics-cfg/graphics.cfg
File: graphics.cfg 2016/06/04 v1.11 sample graphics configuration
)
Package graphics Info: Driver file: pdftex.def on input line 106.
 (/opt/texlive/2025/texmf-dist/tex/latex/graphics-def/pdftex.def
File: pdftex.def 2025/09/29 v1.2d Graphics/color driver for pdftex
)))
Package pdflscape Info: Auto-detected driver: pdftex on input line 81.
)) (/opt/texlive/2025/texmf-dist/tex/latex/graphics/rotating.sty
Package: rotating 2025/01/14 v2.16e rotated objects in LaTeX
 (/opt/texlive/2025/texmf-dist/tex/latex/graphics/graphicx.sty
Package: graphicx 2024/12/31 v1.2e Enhanced LaTeX Graphics (DPC,SPQR)
\Gin@req@height=\dimen178
\Gin@req@width=\dimen179
) (/opt/texlive/2025/texmf-dist/tex/latex/base/ifthen.sty
Package: ifthen 2024/03/16 v1.1e Standard LaTeX ifthen package (DPC)
)
\c@r@tfl@t=\count307
\rotFPtop=\skip119
\rotFPbot=\skip120
\rot@float@box=\box69
\rot@mess@toks=\toks32
) (/opt/texlive/2025/texmf-dist/tex/latex/caption/caption.sty
Package: caption 2023/08/05 v3.6o Customizing captions (AR)
 (/opt/texlive/2025/texmf-dist/tex/latex/caption/caption3.sty
Package: caption3 2023/07/31 v2.4d caption3 kernel (AR)
\caption@tempdima=\dimen180
\captionmargin=\dimen181
\caption@leftmargin=\dimen182
\caption@rightmargin=\dimen183
\caption@width=\dimen184
\caption@indent=\dimen185
\caption@parindent=\dimen186
\caption@hangindent=\dimen187
Package caption Info: Standard document class detected.
)
\c@caption@flags=\count308
\c@continuedfloat=\count309
Package caption Info: float package is loaded.
Package caption Info: longtable package is loaded.
 (/opt/texlive/2025/texmf-dist/tex/latex/caption/ltcaption.sty
Package: ltcaption 2021/01/08 v1.4c longtable captions (AR)
)
Package caption Info: rotating package is loaded.
) (/opt/texlive/2025/texmf-dist/tex/latex/url/url.sty
\Urlmuskip=\muskip17
Package: url 2013/09/16  ver 3.4  Verb mode for urls, etc.
) (/opt/texlive/2025/texmf-dist/tex/latex/xcolor/xcolor.sty
Package: xcolor 2024/09/29 v3.02 LaTeX color extensions (UK)
 (/opt/texlive/2025/texmf-dist/tex/latex/graphics-cfg/color.cfg
File: color.cfg 2016/01/02 v1.6 sample color configuration
)
Package xcolor Info: Driver file: pdftex.def on input line 274.
 (/opt/texlive/2025/texmf-dist/tex/latex/graphics/mathcolor.ltx)
Package xcolor Info: Model `cmy' substituted by `cmy0' on input line 1349.
Package xcolor Info: Model `hsb' substituted by `rgb' on input line 1353.
Package xcolor Info: Model `RGB' extended on input line 1365.
Package xcolor Info: Model `HTML' substituted by `rgb' on input line 1367.
Package xcolor Info: Model `Hsb' substituted by `hsb' on input line 1368.
Package xcolor Info: Model `tHsb' substituted by `hsb' on input line 1369.
Package xcolor Info: Model `HSB' substituted by `hsb' on input line 1370.
Package xcolor Info: Model `Gray' substituted by `gray' on input line 1371.
Package xcolor Info: Model `wave' substituted by `hsb' on input line 1372.
) (/opt/texlive/2025/texmf-dist/tex/latex/graphics/dvipsnam.def
File: dvipsnam.def 2016/06/17 v3.0m Driver-dependent file (DPC,SPQR)
) (/opt/texlive/2025/texmf-dist/tex/latex/colortbl/colortbl.sty
Package: colortbl 2024/10/29 v1.0k Color table columns (DPC)
\everycr=\toks33
\minrowclearance=\skip121
\rownum=\count310
) (/opt/texlive/2025/texmf-dist/tex/latex/tools/xspace.sty
Package: xspace 2014/10/28 v1.13 Space after command names (DPC,MH)
) (/opt/texlive/2025/texmf-dist/tex/latex/amsfonts/amssymb.sty
Package: amssymb 2013/01/14 v3.01 AMS font symbols
 (/opt/texlive/2025/texmf-dist/tex/latex/amsfonts/amsfonts.sty
Package: amsfonts 2013/01/14 v3.01 Basic AMSFonts support
\@emptytoks=\toks34
\symAMSa=\mathgroup5
\symAMSb=\mathgroup6
LaTeX Font Info:    Redeclaring math symbol \hbar on input line 98.
LaTeX Font Info:    Overwriting math alphabet `\mathfrak' in version `bold'
(Font)                  U/euf/m/n --> U/euf/b/n on input line 106.
)) (/opt/texlive/2025/texmf-dist/tex/latex/svg/svg.sty
Package: svg 2020/11/26 v2.02k (include SVG pictures)
 (/opt/texlive/2025/texmf-dist/tex/latex/koma-script/scrbase.sty
Package: scrbase 2025/12/01 v3.49 KOMA-Script package (KOMA-Script-independent basics and keyval usage)
 (/opt/texlive/2025/texmf-dist/tex/latex/koma-script/scrlfile.sty
Package: scrlfile 2025/12/01 v3.49 KOMA-Script package (file load hooks)
 (/opt/texlive/2025/texmf-dist/tex/latex/koma-script/scrlfile-hook.sty
Package: scrlfile-hook 2025/12/01 v3.49 KOMA-Script package (using LaTeX hooks)
 (/opt/texlive/2025/texmf-dist/tex/latex/koma-script/scrlogo.sty
Package: scrlogo 2025/12/01 v3.49 KOMA-Script package (logo)
)))
Applying: [2021/05/01] Usage of raw or classic option list on input line 254.
Already applied: [0000/00/00] Usage of raw or classic option list on input line 370.
) (/opt/texlive/2025/texmf-dist/tex/generic/pdftexcmds/pdftexcmds.sty
Package: pdftexcmds 2020-06-27 v0.33 Utility functions of pdfTeX for LuaTeX (HO)
 (/opt/texlive/2025/texmf-dist/tex/generic/infwarerr/infwarerr.sty
Package: infwarerr 2019/12/03 v1.5 Providing info/warning/error messages (HO)
) (/opt/texlive/2025/texmf-dist/tex/generic/ltxcmds/ltxcmds.sty
Package: ltxcmds 2023-12-04 v1.26 LaTeX kernel commands for general use (HO)
)
Package pdftexcmds Info: \pdf@primitive is available.
Package pdftexcmds Info: \pdf@ifprimitive is available.
Package pdftexcmds Info: \pdfdraftmode found.
) (/opt/texlive/2025/texmf-dist/tex/latex/trimspaces/trimspaces.sty
Package: trimspaces 2009/09/17 v1.1 Trim spaces around a token list
) (/opt/texlive/2025/texmf-dist/tex/latex/tools/shellesc.sty
Package: shellesc 2023/07/08 v1.0d unified shell escape interface for LaTeX
Package shellesc Info: Restricted shell escape enabled on input line 77.
)
\c@svg@param@lastpage=\count311
\svg@box=\box70
\c@svg@param@currpage=\count312
) (/opt/texlive/2025/texmf-dist/tex/latex/transparent/transparent.sty
Package: transparent 2025-06-23 v1.6 Transparency with color stacks
 (/opt/texlive/2025/texmf-dist/tex/latex/transparent/transparent-nometadata.sty
Package: transparent-nometadata 2025-06-23 v1.6 Transparency via pdfTeX's color stack (HO)
 (/opt/texlive/2025/texmf-dist/tex/latex/auxhook/auxhook.sty
Package: auxhook 2019-12-17 v1.6 Hooks for auxiliary files (HO)
))) (/opt/texlive/2025/texmf-dist/tex/latex/pgf/systemlayer/pgfsys.sty (/opt/texlive/2025/texmf-dist/tex/latex/pgf/utilities/pgfrcs.sty (/opt/texlive/2025/texmf-dist/tex/generic/pgf/utilities/pgfutil-common.tex
\pgfutil@everybye=\toks35
\pgfutil@tempdima=\dimen188
\pgfutil@tempdimb=\dimen189
) (/opt/texlive/2025/texmf-dist/tex/generic/pgf/utilities/pgfutil-latex.def
\pgfutil@abb=\box71
) (/opt/texlive/2025/texmf-dist/tex/generic/pgf/utilities/pgfrcs.code.tex (/opt/texlive/2025/texmf-dist/tex/generic/pgf/pgf.revision.tex)
Package: pgfrcs 2025-08-29 v3.1.11a (3.1.11a)
)) (/opt/texlive/2025/texmf-dist/tex/generic/pgf/systemlayer/pgfsys.code.tex
Package: pgfsys 2025-08-29 v3.1.11a (3.1.11a)
 (/opt/texlive/2025/texmf-dist/tex/generic/pgf/utilities/pgfkeys.code.tex
\pgfkeys@pathtoks=\toks36
\pgfkeys@temptoks=\toks37
 (/opt/texlive/2025/texmf-dist/tex/generic/pgf/utilities/pgfkeyslibraryfiltered.code.tex
\pgfkeys@tmptoks=\toks38
))
\pgf@x=\dimen190
\pgf@y=\dimen191
\pgf@xa=\dimen192
\pgf@ya=\dimen193
\pgf@xb=\dimen194
\pgf@yb=\dimen195
\pgf@xc=\dimen196
\pgf@yc=\dimen197
\pgf@xd=\dimen198
\pgf@yd=\dimen199
\w@pgf@writea=\write3
\r@pgf@reada=\read2
\c@pgf@counta=\count313
\c@pgf@countb=\count314
\c@pgf@countc=\count315
\c@pgf@countd=\count316
\t@pgf@toka=\toks39
\t@pgf@tokb=\toks40
\t@pgf@tokc=\toks41
\pgf@sys@id@count=\count317
 (/opt/texlive/2025/texmf-dist/tex/generic/pgf/systemlayer/pgf.cfg
File: pgf.cfg 2025-08-29 v3.1.11a (3.1.11a)
)
Driver file for pgf: pgfsys-pdftex.def
 (/opt/texlive/2025/texmf-dist/tex/generic/pgf/systemlayer/pgfsys-pdftex.def
File: pgfsys-pdftex.def 2025-08-29 v3.1.11a (3.1.11a)
 (/opt/texlive/2025/texmf-dist/tex/generic/pgf/systemlayer/pgfsys-common-pdf.def
File: pgfsys-common-pdf.def 2025-08-29 v3.1.11a (3.1.11a)
))) (/opt/texlive/2025/texmf-dist/tex/generic/pgf/systemlayer/pgfsyssoftpath.code.tex
File: pgfsyssoftpath.code.tex 2025-08-29 v3.1.11a (3.1.11a)
\pgfsyssoftpath@smallbuffer@items=\count318
\pgfsyssoftpath@bigbuffer@items=\count319
) (/opt/texlive/2025/texmf-dist/tex/generic/pgf/systemlayer/pgfsysprotocol.code.tex
File: pgfsysprotocol.code.tex 2025-08-29 v3.1.11a (3.1.11a)
)) (/opt/texlive/2025/texmf-dist/tex/latex/hyperref/hyperref.sty
Package: hyperref 2025-07-12 v7.01o Hypertext links for LaTeX
 (/opt/texlive/2025/texmf-dist/tex/latex/kvsetkeys/kvsetkeys.sty
Package: kvsetkeys 2022-10-05 v1.19 Key value parser (HO)
) (/opt/texlive/2025/texmf-dist/tex/generic/kvdefinekeys/kvdefinekeys.sty
Package: kvdefinekeys 2019-12-19 v1.6 Define keys (HO)
) (/opt/texlive/2025/texmf-dist/tex/generic/pdfescape/pdfescape.sty
Package: pdfescape 2019/12/09 v1.15 Implements pdfTeX's escape features (HO)
) (/opt/texlive/2025/texmf-dist/tex/latex/hycolor/hycolor.sty
Package: hycolor 2020-01-27 v1.10 Color options for hyperref/bookmark (HO)
) (/opt/texlive/2025/texmf-dist/tex/latex/hyperref/nameref.sty
Package: nameref 2025-06-21 v2.57 Cross-referencing by name of section
 (/opt/texlive/2025/texmf-dist/tex/latex/refcount/refcount.sty
Package: refcount 2019/12/15 v3.6 Data extraction from label references (HO)
) (/opt/texlive/2025/texmf-dist/tex/generic/gettitlestring/gettitlestring.sty
Package: gettitlestring 2019/12/15 v1.6 Cleanup title references (HO)
 (/opt/texlive/2025/texmf-dist/tex/latex/kvoptions/kvoptions.sty
Package: kvoptions 2022-06-15 v3.15 Key value format for package options (HO)
))
\c@section@level=\count320
) (/opt/texlive/2025/texmf-dist/tex/generic/stringenc/stringenc.sty
Package: stringenc 2019/11/29 v1.12 Convert strings between diff. encodings (HO)
)
\@linkdim=\dimen256
\Hy@linkcounter=\count321
\Hy@pagecounter=\count322
 (/opt/texlive/2025/texmf-dist/tex/latex/hyperref/pd1enc.def
File: pd1enc.def 2025-07-12 v7.01o Hyperref: PDFDocEncoding definition (HO)
Now handling font encoding PD1 ...
... no UTF-8 mapping file for font encoding PD1
) (/opt/texlive/2025/texmf-dist/tex/generic/intcalc/intcalc.sty
Package: intcalc 2019/12/15 v1.3 Expandable calculations with integers (HO)
)
\Hy@SavedSpaceFactor=\count323
 (/opt/texlive/2025/texmf-dist/tex/latex/hyperref/puenc.def
File: puenc.def 2025-07-12 v7.01o Hyperref: PDF Unicode definition (HO)
Now handling font encoding PU ...
... no UTF-8 mapping file for font encoding PU
)
Package hyperref Info: Option `colorlinks' set `true' on input line 4066.
Package hyperref Info: Hyper figures OFF on input line 4195.
Package hyperref Info: Link nesting OFF on input line 4200.
Package hyperref Info: Hyper index ON on input line 4203.
Package hyperref Info: Plain pages OFF on input line 4210.
Package hyperref Info: Backreferencing OFF on input line 4215.
Package hyperref Info: Implicit mode ON; LaTeX internals redefined.
Package hyperref Info: Bookmarks ON on input line 4462.
\c@Hy@tempcnt=\count324
LaTeX Info: Redefining \url on input line 4801.
\XeTeXLinkMargin=\dimen257
 (/opt/texlive/2025/texmf-dist/tex/generic/bitset/bitset.sty
Package: bitset 2019/12/09 v1.3 Handle bit-vector datatype (HO)
 (/opt/texlive/2025/texmf-dist/tex/generic/bigintcalc/bigintcalc.sty
Package: bigintcalc 2019/12/15 v1.5 Expandable calculations on big integers (HO)
))
\Fld@menulength=\count325
\Field@Width=\dimen258
\Fld@charsize=\dimen259
Package hyperref Info: Hyper figures OFF on input line 6078.
Package hyperref Info: Link nesting OFF on input line 6083.
Package hyperref Info: Hyper index ON on input line 6086.
Package hyperref Info: backreferencing OFF on input line 6093.
Package hyperref Info: Link coloring ON on input line 6096.
Package hyperref Info: Link coloring with OCG OFF on input line 6103.
Package hyperref Info: PDF/A mode OFF on input line 6108.
\Hy@abspage=\count326
\c@Item=\count327
\c@Hfootnote=\count328
)
Package hyperref Info: Driver: hpdftex.
 (/opt/texlive/2025/texmf-dist/tex/latex/hyperref/hpdftex.def
File: hpdftex.def 2025-07-12 v7.01o Hyperref driver for pdfTeX
\Fld@listcount=\count329
\c@bookmark@seq@number=\count330
 (/opt/texlive/2025/texmf-dist/tex/latex/rerunfilecheck/rerunfilecheck.sty
Package: rerunfilecheck 2025-06-21 v1.11 Rerun checks for auxiliary files (HO)
 (/opt/texlive/2025/texmf-dist/tex/generic/uniquecounter/uniquecounter.sty
Package: uniquecounter 2019/12/15 v1.4 Provide unlimited unique counter (HO)
)
Package uniquecounter Info: New unique counter `rerunfilecheck' on input line 284.
)
\Hy@SectionHShift=\skip122
) (/opt/texlive/2025/texmf-dist/tex/latex/listings/listings.sty
\lst@mode=\count331
\lst@gtempboxa=\box72
\lst@token=\toks42
\lst@length=\count332
\lst@currlwidth=\dimen260
\lst@column=\count333
\lst@pos=\count334
\lst@lostspace=\dimen261
\lst@width=\dimen262
\lst@newlines=\count335
\lst@lineno=\count336
\lst@maxwidth=\dimen263
 (/opt/texlive/2025/texmf-dist/tex/latex/listings/lstpatch.sty
File: lstpatch.sty 2025/11/14 1.11b (Carsten Heinz)
) (/opt/texlive/2025/texmf-dist/tex/latex/listings/lstmisc.sty
File: lstmisc.sty 2025/11/14 1.11b (Carsten Heinz)
\c@lstnumber=\count337
\lst@skipnumbers=\count338
\lst@framebox=\box73
) (/opt/texlive/2025/texmf-dist/tex/latex/listings/listings.cfg
File: listings.cfg 2025/11/14 1.11b listings configuration
))
Package: listings 2025/11/14 1.11b (Carsten Heinz)

==> First Aid for listings.sty no longer applied!
    Expected:
        2024/09/23 1.10c (Carsten Heinz)
    but found:
        2025/11/14 1.11b (Carsten Heinz)
    so I'm assuming it got fixed.
(./util/highlight.tex (/opt/texlive/2025/texmf-dist/tex/generic/soul/soul.sty
Package: soul 2023-06-14 v3.1 Permit use of UTF-8 characters in soul (HO)
 (/opt/texlive/2025/texmf-dist/tex/generic/soul/soul-ori.sty
Package: soul-ori 2023-06-14 v3.1 letterspacing/underlining (mf)
\SOUL@word=\toks43
\SOUL@lasttoken=\toks44
\SOUL@syllable=\toks45
\SOUL@cmds=\toks46
\SOUL@buffer=\toks47
\SOUL@token=\toks48
\SOUL@syllgoal=\dimen264
\SOUL@syllwidth=\dimen265
\SOUL@charkern=\dimen266
\SOUL@hyphkern=\dimen267
\SOUL@dimen=\dimen268
\SOUL@dimeni=\dimen269
\SOUL@minus=\count339
\SOUL@comma=\count340
\SOUL@apo=\count341
\SOUL@grave=\count342
\SOUL@spaceskip=\skip123
\SOUL@ttwidth=\dimen270
\SOUL@uldp=\dimen271
\SOUL@ulht=\dimen272
) (/opt/texlive/2025/texmf-dist/tex/generic/etexcmds/etexcmds.sty
Package: etexcmds 2019/12/15 v1.7 Avoid name clashes with e-TeX commands (HO)
)) (/opt/texlive/2025/texmf-dist/tex/latex/pgf/frontendlayer/tikz.sty (/opt/texlive/2025/texmf-dist/tex/latex/pgf/basiclayer/pgf.sty
Package: pgf 2025-08-29 v3.1.11a (3.1.11a)
 (/opt/texlive/2025/texmf-dist/tex/latex/pgf/basiclayer/pgfcore.sty (/opt/texlive/2025/texmf-dist/tex/generic/pgf/basiclayer/pgfcore.code.tex
Package: pgfcore 2025-08-29 v3.1.11a (3.1.11a)
 (/opt/texlive/2025/texmf-dist/tex/generic/pgf/math/pgfmath.code.tex (/opt/texlive/2025/texmf-dist/tex/generic/pgf/math/pgfmathutil.code.tex) (/opt/texlive/2025/texmf-dist/tex/generic/pgf/math/pgfmathparser.code.tex
\pgfmath@dimen=\dimen273
\pgfmath@count=\count343
\pgfmath@box=\box74
\pgfmath@toks=\toks49
\pgfmath@stack@operand=\toks50
\pgfmath@stack@operation=\toks51
) (/opt/texlive/2025/texmf-dist/tex/generic/pgf/math/pgfmathfunctions.code.tex) (/opt/texlive/2025/texmf-dist/tex/generic/pgf/math/pgfmathfunctions.basic.code.tex) (/opt/texlive/2025/texmf-dist/tex/generic/pgf/math/pgfmathfunctions.trigonometric.code.tex) (/opt/texlive/2025/texmf-dist/tex/generic/pgf/math/pgfmathfunctions.random.code.tex) (/opt/texlive/2025/texmf-dist/tex/generic/pgf/math/pgfmathfunctions.comparison.code.tex) (/opt/texlive/2025/texmf-dist/tex/generic/pgf/math/pgfmathfunctions.base.code.tex) (/opt/texlive/2025/texmf-dist/tex/generic/pgf/math/pgfmathfunctions.round.code.tex) (/opt/texlive/2025/texmf-dist/tex/generic/pgf/math/pgfmathfunctions.misc.code.tex) (/opt/texlive/2025/texmf-dist/tex/generic/pgf/math/pgfmathfunctions.integerarithmetics.code.tex) (/opt/texlive/2025/texmf-dist/tex/generic/pgf/math/pgfmathcalc.code.tex) (/opt/texlive/2025/texmf-dist/tex/generic/pgf/math/pgfmathfloat.code.tex
\c@pgfmathroundto@lastzeros=\count344
)) (/opt/texlive/2025/texmf-dist/tex/generic/pgf/math/pgfint.code.tex) (/opt/texlive/2025/texmf-dist/tex/generic/pgf/basiclayer/pgfcorepoints.code.tex
File: pgfcorepoints.code.tex 2025-08-29 v3.1.11a (3.1.11a)
\pgf@picminx=\dimen274
\pgf@picmaxx=\dimen275
\pgf@picminy=\dimen276
\pgf@picmaxy=\dimen277
\pgf@pathminx=\dimen278
\pgf@pathmaxx=\dimen279
\pgf@pathminy=\dimen280
\pgf@pathmaxy=\dimen281
\pgf@xx=\dimen282
\pgf@xy=\dimen283
\pgf@yx=\dimen284
\pgf@yy=\dimen285
\pgf@zx=\dimen286
\pgf@zy=\dimen287
) (/opt/texlive/2025/texmf-dist/tex/generic/pgf/basiclayer/pgfcorepathconstruct.code.tex
File: pgfcorepathconstruct.code.tex 2025-08-29 v3.1.11a (3.1.11a)
\pgf@path@lastx=\dimen288
\pgf@path@lasty=\dimen289
) (/opt/texlive/2025/texmf-dist/tex/generic/pgf/basiclayer/pgfcorepathusage.code.tex
File: pgfcorepathusage.code.tex 2025-08-29 v3.1.11a (3.1.11a)
\pgf@shorten@end@additional=\dimen290
\pgf@shorten@start@additional=\dimen291
) (/opt/texlive/2025/texmf-dist/tex/generic/pgf/basiclayer/pgfcorescopes.code.tex
File: pgfcorescopes.code.tex 2025-08-29 v3.1.11a (3.1.11a)
\pgfpic=\box75
\pgf@hbox=\box76
\pgf@layerbox@main=\box77
\pgf@picture@serial@count=\count345
) (/opt/texlive/2025/texmf-dist/tex/generic/pgf/basiclayer/pgfcoregraphicstate.code.tex
File: pgfcoregraphicstate.code.tex 2025-08-29 v3.1.11a (3.1.11a)
\pgflinewidth=\dimen292
) (/opt/texlive/2025/texmf-dist/tex/generic/pgf/basiclayer/pgfcoretransformations.code.tex
File: pgfcoretransformations.code.tex 2025-08-29 v3.1.11a (3.1.11a)
\pgf@pt@x=\dimen293
\pgf@pt@y=\dimen294
\pgf@pt@temp=\dimen295
) (/opt/texlive/2025/texmf-dist/tex/generic/pgf/basiclayer/pgfcorequick.code.tex
File: pgfcorequick.code.tex 2025-08-29 v3.1.11a (3.1.11a)
) (/opt/texlive/2025/texmf-dist/tex/generic/pgf/basiclayer/pgfcoreobjects.code.tex
File: pgfcoreobjects.code.tex 2025-08-29 v3.1.11a (3.1.11a)
) (/opt/texlive/2025/texmf-dist/tex/generic/pgf/basiclayer/pgfcorepathprocessing.code.tex
File: pgfcorepathprocessing.code.tex 2025-08-29 v3.1.11a (3.1.11a)
) (/opt/texlive/2025/texmf-dist/tex/generic/pgf/basiclayer/pgfcorearrows.code.tex
File: pgfcorearrows.code.tex 2025-08-29 v3.1.11a (3.1.11a)
\pgfarrowsep=\dimen296
) (/opt/texlive/2025/texmf-dist/tex/generic/pgf/basiclayer/pgfcoreshade.code.tex
File: pgfcoreshade.code.tex 2025-08-29 v3.1.11a (3.1.11a)
\pgf@max=\dimen297
\pgf@sys@shading@range@num=\count346
\pgf@shadingcount=\count347
) (/opt/texlive/2025/texmf-dist/tex/generic/pgf/basiclayer/pgfcoreimage.code.tex
File: pgfcoreimage.code.tex 2025-08-29 v3.1.11a (3.1.11a)
) (/opt/texlive/2025/texmf-dist/tex/generic/pgf/basiclayer/pgfcoreexternal.code.tex
File: pgfcoreexternal.code.tex 2025-08-29 v3.1.11a (3.1.11a)
\pgfexternal@startupbox=\box78
) (/opt/texlive/2025/texmf-dist/tex/generic/pgf/basiclayer/pgfcorelayers.code.tex
File: pgfcorelayers.code.tex 2025-08-29 v3.1.11a (3.1.11a)
) (/opt/texlive/2025/texmf-dist/tex/generic/pgf/basiclayer/pgfcoretransparency.code.tex
File: pgfcoretransparency.code.tex 2025-08-29 v3.1.11a (3.1.11a)
) (/opt/texlive/2025/texmf-dist/tex/generic/pgf/basiclayer/pgfcorepatterns.code.tex
File: pgfcorepatterns.code.tex 2025-08-29 v3.1.11a (3.1.11a)
) (/opt/texlive/2025/texmf-dist/tex/generic/pgf/basiclayer/pgfcorerdf.code.tex
File: pgfcorerdf.code.tex 2025-08-29 v3.1.11a (3.1.11a)
))) (/opt/texlive/2025/texmf-dist/tex/generic/pgf/modules/pgfmoduleshapes.code.tex
File: pgfmoduleshapes.code.tex 2025-08-29 v3.1.11a (3.1.11a)
\pgfnodeparttextbox=\box79
) (/opt/texlive/2025/texmf-dist/tex/generic/pgf/modules/pgfmoduleplot.code.tex
File: pgfmoduleplot.code.tex 2025-08-29 v3.1.11a (3.1.11a)
) (/opt/texlive/2025/texmf-dist/tex/latex/pgf/compatibility/pgfcomp-version-0-65.sty
Package: pgfcomp-version-0-65 2025-08-29 v3.1.11a (3.1.11a)
\pgf@nodesepstart=\dimen298
\pgf@nodesepend=\dimen299
) (/opt/texlive/2025/texmf-dist/tex/latex/pgf/compatibility/pgfcomp-version-1-18.sty
Package: pgfcomp-version-1-18 2025-08-29 v3.1.11a (3.1.11a)
)) (/opt/texlive/2025/texmf-dist/tex/latex/pgf/utilities/pgffor.sty (/opt/texlive/2025/texmf-dist/tex/latex/pgf/utilities/pgfkeys.sty (/opt/texlive/2025/texmf-dist/tex/generic/pgf/utilities/pgfkeys.code.tex)) (/opt/texlive/2025/texmf-dist/tex/latex/pgf/math/pgfmath.sty (/opt/texlive/2025/texmf-dist/tex/generic/pgf/math/pgfmath.code.tex)) (/opt/texlive/2025/texmf-dist/tex/generic/pgf/utilities/pgffor.code.tex
Package: pgffor 2025-08-29 v3.1.11a (3.1.11a)
\pgffor@iter=\dimen300
\pgffor@skip=\dimen301
\pgffor@stack=\toks52
\pgffor@toks=\toks53
)) (/opt/texlive/2025/texmf-dist/tex/generic/pgf/frontendlayer/tikz/tikz.code.tex
Package: tikz 2025-08-29 v3.1.11a (3.1.11a)
 (/opt/texlive/2025/texmf-dist/tex/generic/pgf/libraries/pgflibraryplothandlers.code.tex
File: pgflibraryplothandlers.code.tex 2025-08-29 v3.1.11a (3.1.11a)
\pgf@plot@mark@count=\count348
\pgfplotmarksize=\dimen302
)
\tikz@lastx=\dimen303
\tikz@lasty=\dimen304
\tikz@lastxsaved=\dimen305
\tikz@lastysaved=\dimen306
\tikz@lastmovetox=\dimen307
\tikz@lastmovetoy=\dimen308
\tikzleveldistance=\dimen309
\tikzsiblingdistance=\dimen310
\tikz@figbox=\box80
\tikz@figbox@bg=\box81
\tikz@tempbox=\box82
\tikz@tempbox@bg=\box83
\tikztreelevel=\count349
\tikznumberofchildren=\count350
\tikznumberofcurrentchild=\count351
\tikz@fig@count=\count352
 (/opt/texlive/2025/texmf-dist/tex/generic/pgf/modules/pgfmodulematrix.code.tex
File: pgfmodulematrix.code.tex 2025-08-29 v3.1.11a (3.1.11a)
\pgfmatrixcurrentrow=\count353
\pgfmatrixcurrentcolumn=\count354
\pgf@matrix@numberofcolumns=\count355
)
\tikz@expandcount=\count356
 (/opt/texlive/2025/texmf-dist/tex/generic/pgf/frontendlayer/tikz/libraries/tikzlibrarytopaths.code.tex
File: tikzlibrarytopaths.code.tex 2025-08-29 v3.1.11a (3.1.11a)
))) (/opt/texlive/2025/texmf-dist/tex/generic/pgf/frontendlayer/tikz/libraries/tikzlibrarycalc.code.tex
File: tikzlibrarycalc.code.tex 2025-08-29 v3.1.11a (3.1.11a)
) (/opt/texlive/2025/texmf-dist/tex/generic/pgf/frontendlayer/tikz/libraries/tikzlibrarydecorations.pathmorphing.code.tex (/opt/texlive/2025/texmf-dist/tex/generic/pgf/frontendlayer/tikz/libraries/tikzlibrarydecorations.code.tex (/opt/texlive/2025/texmf-dist/tex/generic/pgf/modules/pgfmoduledecorations.code.tex
\pgfdecoratedcompleteddistance=\dimen311
\pgfdecoratedremainingdistance=\dimen312
\pgfdecoratedinputsegmentcompleteddistance=\dimen313
\pgfdecoratedinputsegmentremainingdistance=\dimen314
\pgf@decorate@distancetomove=\dimen315
\pgf@decorate@repeatstate=\count357
\pgfdecorationsegmentamplitude=\dimen316
\pgfdecorationsegmentlength=\dimen317
)
\tikz@lib@dec@box=\box84
) (/opt/texlive/2025/texmf-dist/tex/generic/pgf/libraries/decorations/pgflibrarydecorations.pathmorphing.code.tex))
\highlight@previous=\dimen318
\highlight@current=\dimen319
) (./util/abbrev.tex)) (/opt/texlive/2025/texmf-dist/tex/latex/l3backend/l3backend-pdftex.def
File: l3backend-pdftex.def 2025-10-09 L3 backend support: PDF output (pdfTeX)
\l__color_backend_stack_int=\count358
) (./main.aux)
\openout1 = `main.aux'.

LaTeX Font Info:    Checking defaults for OML/cmm/m/it on input line 4.
LaTeX Font Info:    ... okay on input line 4.
LaTeX Font Info:    Checking defaults for OMS/cmsy/m/n on input line 4.
LaTeX Font Info:    ... okay on input line 4.
LaTeX Font Info:    Checking defaults for OT1/cmr/m/n on input line 4.
LaTeX Font Info:    ... okay on input line 4.
LaTeX Font Info:    Checking defaults for T1/cmr/m/n on input line 4.
LaTeX Font Info:    ... okay on input line 4.
LaTeX Font Info:    Checking defaults for TS1/cmr/m/n on input line 4.
LaTeX Font Info:    ... okay on input line 4.
LaTeX Font Info:    Checking defaults for OMX/cmex/m/n on input line 4.
LaTeX Font Info:    ... okay on input line 4.
LaTeX Font Info:    Checking defaults for U/cmr/m/n on input line 4.
LaTeX Font Info:    ... okay on input line 4.
LaTeX Font Info:    Checking defaults for PD1/pdf/m/n on input line 4.
LaTeX Font Info:    ... okay on input line 4.
LaTeX Font Info:    Checking defaults for PU/pdf/m/n on input line 4.
LaTeX Font Info:    ... okay on input line 4.

*geometry* driver: auto-detecting
*geometry* detected driver: pdftex
*geometry* verbose mode - [ preamble ] result:
* driver: pdftex
* paper: a4paper
* layout: <same size as paper>
* layoutoffset:(h,v)=(0.0pt,0.0pt)
* modes: twoside 
* h-part:(L,W,R)=(71.13188pt, 455.24411pt, 71.13188pt)
* v-part:(T,H,B)=(85.35826pt, 688.5567pt, 71.13188pt)
* \paperwidth=597.50787pt
* \paperheight=845.04684pt
* \textwidth=455.24411pt
* \textheight=688.5567pt
* \oddsidemargin=-1.1381pt
* \evensidemargin=-1.1381pt
* \topmargin=-21.82864pt
* \headheight=15.0pt
* \headsep=19.91692pt
* \topskip=11.0pt
* \footskip=30.0pt
* \marginparwidth=113.0pt
* \marginparsep=10.0pt
* \columnsep=10.0pt
* \skip\footins=10.0pt plus 4.0pt minus 2.0pt
* \hoffset=0.0pt
* \voffset=0.0pt
* \mag=1000
* \@twocolumnfalse
* \@twosidetrue
* \@mparswitchtrue
* \@reversemarginfalse
* (1in=72.27pt=25.4mm, 1cm=28.453pt)

Package microtype Info: Patching varwidth to enable character protrusion.
\MT@vwid@leftmargin=\dimen320
\MT@vwid@rightmargin=\dimen321
LaTeX Info: Redefining \microtypecontext on input line 4.
Package microtype Info: Applying patch `item' on input line 4.
Package microtype Info: Applying patch `toc' on input line 4.
Package microtype Info: Applying patch `eqnum' on input line 4.
Package microtype Info: Applying patch `footnote' on input line 4.
Package microtype Info: Applying patch `verbatim' on input line 4.
LaTeX Info: Redefining \microtypesetup on input line 4.
Package microtype Info: Generating PDF output.
Package microtype Info: Character protrusion enabled (level 2).
Package microtype Info: Using default protrusion set `alltext'.
Package microtype Info: Automatic font expansion enabled (level 2),
(microtype)             stretch: 20, shrink: 20, step: 1, non-selected.
Package microtype Info: Using default expansion set `alltext-nott'.
Package microtype Info: Patching command `\showhyphens'.
Package microtype Info: No adjustment of tracking.
Package microtype Info: No adjustment of interword spacing.
Package microtype Info: No adjustment of character kerning.
(/opt/texlive/2025/texmf-dist/tex/latex/microtype/mt-ptm.cfg
File: mt-ptm.cfg 2006/04/20 v1.7 microtype config. file: Times (RS)
) (/opt/texlive/2025/texmf-dist/tex/context/base/mkii/supp-pdf.mkii
[Loading MPS to PDF converter (version 2006.09.02).]
\scratchcounter=\count359
\scratchdimen=\dimen322
\scratchbox=\box85
\nofMPsegments=\count360
\nofMParguments=\count361
\everyMPshowfont=\toks54
\MPscratchCnt=\count362
\MPscratchDim=\dimen323
\MPnumerator=\count363
\makeMPintoPDFobject=\count364
\everyMPtoPDFconversion=\toks55
) (/opt/texlive/2025/texmf-dist/tex/latex/epstopdf-pkg/epstopdf-base.sty
Package: epstopdf-base 2020-01-24 v2.11 Base part for package epstopdf
Package epstopdf-base Info: Redefining graphics rule for `.eps' on input line 485.
 (/opt/texlive/2025/texmf-dist/tex/latex/latexconfig/epstopdf-sys.cfg
File: epstopdf-sys.cfg 2010/07/13 v1.3 Configuration of (r)epstopdf for TeX Live
))
Package caption Info: Begin \AtBeginDocument code.
Package caption Info: hyperref package is loaded.
Package caption Info: listings package is loaded.
Package caption Info: End \AtBeginDocument code.
Package hyperref Info: Link coloring ON on input line 4.
 (./main.out) (./main.out)
\@outlinefile=\write4
\openout4 = `main.out'.

\c@lstlisting=\count365
<Images/PolimiLogo.png, id=240, 405.515pt x 125.46875pt>
File: Images/PolimiLogo.png Graphic file (type png)
<use Images/PolimiLogo.png>
Package pdftex.def Info: Images/PolimiLogo.png  used on input line 14.
(pdftex.def)             Requested size: 202.75699pt x 62.7342pt.
 [1

{/opt/texlive/2025/texmf-var/fonts/map/pdftex/updmap/pdftex.map}{/opt/texlive/2025/texmf-dist/fonts/enc/dvips/base/8r.enc} <./Images/PolimiLogo.png>] (/opt/texlive/2025/texmf-dist/tex/latex/microtype/mt-cmr.cfg
File: mt-cmr.cfg 2013/05/19 v2.2 microtype config. file: Computer Modern Roman (RS)
)
LaTeX Font Info:    Trying to load font information for U+wasy on input line 62.
 (/opt/texlive/2025/texmf-dist/tex/latex/wasysym/uwasy.fd
File: uwasy.fd 2020/01/19 v2.4 Wasy-2 symbol font definitions
)
LaTeX Font Info:    Trying to load font information for U+msa on input line 62.
 (/opt/texlive/2025/texmf-dist/tex/latex/amsfonts/umsa.fd
File: umsa.fd 2013/01/14 v3.01 AMS symbols A
) (/opt/texlive/2025/texmf-dist/tex/latex/microtype/mt-msa.cfg
File: mt-msa.cfg 2006/02/04 v1.1 microtype config. file: AMS symbols (a) (RS)
)
LaTeX Font Info:    Trying to load font information for U+msb on input line 62.
 (/opt/texlive/2025/texmf-dist/tex/latex/amsfonts/umsb.fd
File: umsb.fd 2013/01/14 v3.01 AMS symbols B
) (/opt/texlive/2025/texmf-dist/tex/latex/microtype/mt-msb.cfg
File: mt-msb.cfg 2005/06/01 v1.0 microtype config. file: AMS symbols (b) (RS)
) (/opt/texlive/2025/texmf-dist/tex/latex/psnfss/ts1ptm.fd) [2] (./main.toc [3])
\tf@toc=\write5
\openout5 = `main.toc'.

 [4] (./main.lof)
\tf@lof=\write6
\openout6 = `main.lof'.

 (./main.lot)
\tf@lot=\write7
\openout7 = `main.lot'.

 [5] (./Files/introduction.tex [6

] [7] [8]) [9] (./Files/overview.tex [10

]
<Images/domain_class_diagram/domain classs diagram_page-0001.jpg, id=495, 1435.5231pt x 1138.2525pt>
File: Images/domain_class_diagram/domain classs diagram_page-0001.jpg Graphic file (type jpg)
<use Images/domain_class_diagram/domain classs diagram_page-0001.jpg>
Package pdftex.def Info: Images/domain_class_diagram/domain classs diagram_page-0001.jpg  used on input line 71.
(pdftex.def)             Requested size: 688.5567pt x 545.9729pt.
 [11] [12 <./Images/domain_class_diagram/domain classs diagram_page-0001.jpg>] [13]
<Images/state_diagrams/Trip Recording State diagram.jpg, id=515, 1074.26344pt x 1388.93906pt>
File: Images/state_diagrams/Trip Recording State diagram.jpg Graphic file (type jpg)
<use Images/state_diagrams/Trip Recording State diagram.jpg>
Package pdftex.def Info: Images/state_diagrams/Trip Recording State diagram.jpg  used on input line 134.
(pdftex.def)             Requested size: 341.43307pt x 441.43892pt.
 [14 <./Images/state_diagrams/Trip Recording State diagram.jpg>]
<Images/state_diagrams/Candidate Issue Lifecycle_page.jpg, id=521, 1120.185pt x 1467.23157pt>
File: Images/state_diagrams/Candidate Issue Lifecycle_page.jpg Graphic file (type jpg)
<use Images/state_diagrams/Candidate Issue Lifecycle_page.jpg>
Package pdftex.def Info: Images/state_diagrams/Candidate Issue Lifecycle_page.jpg  used on input line 144.
(pdftex.def)             Requested size: 409.71692pt x 536.6433pt.
 [15 <./Images/state_diagrams/Candidate Issue Lifecycle_page.jpg>]
<Images/state_diagrams/Path Segment Consenses_page.jpg, id=527, 1473.25406pt x 1318.9275pt>
File: Images/state_diagrams/Path Segment Consenses_page.jpg Graphic file (type jpg)
<use Images/state_diagrams/Path Segment Consenses_page.jpg>
Package pdftex.def Info: Images/state_diagrams/Path Segment Consenses_page.jpg  used on input line 155.
(pdftex.def)             Requested size: 455.24411pt x 407.55516pt.
 [16 <./Images/state_diagrams/Path Segment Consenses_page.jpg>] [17]) [18] (./Files/requirements.tex
<Images/figma_diagrams/Home_Dashboard.png, id=556, 294.34969pt x 642.14906pt>
File: Images/figma_diagrams/Home_Dashboard.png Graphic file (type png)
<use Images/figma_diagrams/Home_Dashboard.png>
Package pdftex.def Info: Images/figma_diagrams/Home_Dashboard.png  used on input line 10.
(pdftex.def)             Requested size: 227.62206pt x 496.58255pt.
 [19

 <./Images/figma_diagrams/Home_Dashboard.png>]
<Images/figma_diagrams/Trip Recording.png, id=565, 294.34969pt x 631.60968pt>
File: Images/figma_diagrams/Trip Recording.png Graphic file (type png)
<use Images/figma_diagrams/Trip Recording.png>
Package pdftex.def Info: Images/figma_diagrams/Trip Recording.png  used on input line 22.
(pdftex.def)             Requested size: 227.62206pt x 488.43231pt.
<Images/figma_diagrams/Trip Details (Post-Trip).png, id=566, 292.09125pt x 648.92438pt>
File: Images/figma_diagrams/Trip Details (Post-Trip).png Graphic file (type png)
<use Images/figma_diagrams/Trip Details (Post-Trip).png>
Package pdftex.def Info: Images/figma_diagrams/Trip Details (Post-Trip).png  used on input line 34.
(pdftex.def)             Requested size: 227.62206pt x 505.7134pt.
 [20 <./Images/figma_diagrams/Trip Recording.png>]
<Images/figma_diagrams/Contribute Paths (Manual).png, id=574, 295.85532pt x 636.12656pt>
File: Images/figma_diagrams/Contribute Paths (Manual).png Graphic file (type png)
<use Images/figma_diagrams/Contribute Paths (Manual).png>
Package pdftex.def Info: Images/figma_diagrams/Contribute Paths (Manual).png  used on input line 45.
(pdftex.def)             Requested size: 227.62206pt x 489.4307pt.
 [21 <./Images/figma_diagrams/Trip Details (Post-Trip).png>]
<Images/figma_diagrams/Automatic Detection Review.png, id=582, 292.09125pt x 690.32906pt>
File: Images/figma_diagrams/Automatic Detection Review.png Graphic file (type png)
<use Images/figma_diagrams/Automatic Detection Review.png>
Package pdftex.def Info: Images/figma_diagrams/Automatic Detection Review.png  used on input line 55.
(pdftex.def)             Requested size: 227.62206pt x 537.9805pt.
 [22 <./Images/figma_diagrams/Contribute Paths (Manual).png>]
<Images/figma_diagrams/Path Search.png, id=589, 295.1025pt x 921.4425pt>
File: Images/figma_diagrams/Path Search.png Graphic file (type png)
<use Images/figma_diagrams/Path Search.png>
Package pdftex.def Info: Images/figma_diagrams/Path Search.png  used on input line 68.
(pdftex.def)             Requested size: 204.85846pt x 639.6766pt.
 [23 <./Images/figma_diagrams/Automatic Detection Review.png>] [24 <./Images/figma_diagrams/Path Search.png>] [25] [26]
<Images/use_case_diagrams/Diagram_1_Account_Management _Trip_Recording.jpg, id=624, 509.9853pt x 348.3414pt>
File: Images/use_case_diagrams/Diagram_1_Account_Management _Trip_Recording.jpg Graphic file (type jpg)
<use Images/use_case_diagrams/Diagram_1_Account_Management _Trip_Recording.jpg>
Package pdftex.def Info: Images/use_case_diagrams/Diagram_1_Account_Management _Trip_Recording.jpg  used on input line 213.
(pdftex.def)             Requested size: 455.24411pt x 310.95834pt.
<Images/use_case_diagrams/Diagram 2 – Manual Path Contribution.jpg, id=625, 592.3731pt x 250.0542pt>
File: Images/use_case_diagrams/Diagram 2 – Manual Path Contribution.jpg Graphic file (type jpg)
<use Images/use_case_diagrams/Diagram 2 – Manual Path Contribution.jpg>
Package pdftex.def Info: Images/use_case_diagrams/Diagram 2 – Manual Path Contribution.jpg  used on input line 221.
(pdftex.def)             Requested size: 455.24411pt x 192.17603pt.
 [27 <./Images/use_case_diagrams/Diagram_1_Account_Management _Trip_Recording.jpg>]
<Images/use_case_diagrams/Diagram 3 – Automatic Path Information & Confirmation.jpg, id=632, 809.1831pt x 188.8656pt>
File: Images/use_case_diagrams/Diagram 3 – Automatic Path Information & Confirmation.jpg Graphic file (type jpg)
<use Images/use_case_diagrams/Diagram 3 – Automatic Path Information & Confirmation.jpg>
Package pdftex.def Info: Images/use_case_diagrams/Diagram 3 – Automatic Path Information & Confirmation.jpg  used on input line 228.
(pdftex.def)             Requested size: 455.24411pt x 106.2568pt.
<Images/use_case_diagrams/Diagram 4 – Path Search, Scoring & Merging.jpg, id=633, 764.8575pt x 347.3778pt>
File: Images/use_case_diagrams/Diagram 4 – Path Search, Scoring & Merging.jpg Graphic file (type jpg)
<use Images/use_case_diagrams/Diagram 4 – Path Search, Scoring & Merging.jpg>
Package pdftex.def Info: Images/use_case_diagrams/Diagram 4 – Path Search, Scoring & Merging.jpg  used on input line 237.
(pdftex.def)             Requested size: 455.24411pt x 206.7586pt.
 [28 <./Images/use_case_diagrams/Diagram 2 – Manual Path Contribution.jpg> <./Images/use_case_diagrams/Diagram 3 – Automatic Path Information & Confirmation.jpg> <./Images/use_case_diagrams/Diagram 4 – Path Search, Scoring & Merging.jpg>] [29] [30] [31] [32]
<Images/sequence_diagrams/UC1_page-0001.jpg, id=659, 855.4359pt x 904.3386pt>
File: Images/sequence_diagrams/UC1_page-0001.jpg Graphic file (type jpg)
<use Images/sequence_diagrams/UC1_page-0001.jpg>
Package pdftex.def Info: Images/sequence_diagrams/UC1_page-0001.jpg  used on input line 457.
(pdftex.def)             Requested size: 455.24411pt x 481.28424pt.
<Images/sequence_diagrams/UC2_page-0001.jpg, id=660, 698.1282pt x 777.3843pt>
File: Images/sequence_diagrams/UC2_page-0001.jpg Graphic file (type jpg)
<use Images/sequence_diagrams/UC2_page-0001.jpg>
Package pdftex.def Info: Images/sequence_diagrams/UC2_page-0001.jpg  used on input line 464.
(pdftex.def)             Requested size: 455.24411pt x 506.91888pt.
 [33 <./Images/sequence_diagrams/UC1_page-0001.jpg>]
<Images/sequence_diagrams/UC3_page-0001.jpg, id=665, 829.1778pt x 1638.12pt>
File: Images/sequence_diagrams/UC3_page-0001.jpg Graphic file (type jpg)
<use Images/sequence_diagrams/UC3_page-0001.jpg>
Package pdftex.def Info: Images/sequence_diagrams/UC3_page-0001.jpg  used on input line 471.
(pdftex.def)             Requested size: 318.66948pt x 629.56586pt.
 [34 <./Images/sequence_diagrams/UC2_page-0001.jpg>]
File: Images/sequence_diagrams/UC3_page-0001.jpg Graphic file (type jpg)
<use Images/sequence_diagrams/UC3_page-0001.jpg>
Package pdftex.def Info: Images/sequence_diagrams/UC3_page-0001.jpg  used on input line 478.
(pdftex.def)             Requested size: 318.66948pt x 629.56586pt.
 [35 <./Images/sequence_diagrams/UC3_page-0001.jpg>]
<Images/sequence_diagrams/uc5_page-0001.jpg, id=674, 728.2407pt x 1070.0778pt>
File: Images/sequence_diagrams/uc5_page-0001.jpg Graphic file (type jpg)
<use Images/sequence_diagrams/uc5_page-0001.jpg>
Package pdftex.def Info: Images/sequence_diagrams/uc5_page-0001.jpg  used on input line 485.
(pdftex.def)             Requested size: 455.24411pt x 668.94394pt.
 [36]
Overfull \vbox (3.98723pt too high) has occurred while \output is active []

 [37 <./Images/sequence_diagrams/uc5_page-0001.jpg>]
<Images/sequence_diagrams/uc6_page-0001.jpg, id=684, 861.6993pt x 1375.7799pt>
File: Images/sequence_diagrams/uc6_page-0001.jpg Graphic file (type jpg)
<use Images/sequence_diagrams/uc6_page-0001.jpg>
Package pdftex.def Info: Images/sequence_diagrams/uc6_page-0001.jpg  used on input line 492.
(pdftex.def)             Requested size: 318.66948pt x 508.77869pt.
<Images/sequence_diagrams/uc7_page-0001.jpg, id=685, 739.0812pt x 881.9349pt>
File: Images/sequence_diagrams/uc7_page-0001.jpg Graphic file (type jpg)
<use Images/sequence_diagrams/uc7_page-0001.jpg>
Package pdftex.def Info: Images/sequence_diagrams/uc7_page-0001.jpg  used on input line 499.
(pdftex.def)             Requested size: 455.24411pt x 543.24129pt.
 [38 <./Images/sequence_diagrams/uc6_page-0001.jpg>] [39 <./Images/sequence_diagrams/uc7_page-0001.jpg>] [40] [41] [42]) [43] (./Files/alloy.tex
Package hyperref Info: bookmark level for unknown lstlisting defaults to 0 on input line 7.
LaTeX Font Info:    Trying to load font information for T1+lmtt on input line 7.
 (/opt/texlive/2025/texmf-dist/tex/latex/lm/t1lmtt.fd
File: t1lmtt.fd 2015/05/01 v1.6.1 Font defs for Latin Modern
)
Package microtype Info: Loading generic protrusion settings for font family
(microtype)             `lmtt' (encoding: T1).
(microtype)             For optimal results, create family-specific settings.
(microtype)             See the microtype manual for details.
LaTeX Font Info:    Font shape `T1/lmtt/bx/n' in size <10> not available
(Font)              Font shape `T1/lmtt/b/n' tried instead on input line 8.
 [44

{/opt/texlive/2025/texmf-dist/fonts/enc/dvips/lm/lm-ec.enc}] [45] [46]
<Images/alloy_images/alloy_scenario1.png, id=909, 1373.13pt x 539.76656pt>
File: Images/alloy_images/alloy_scenario1.png Graphic file (type png)
<use Images/alloy_images/alloy_scenario1.png>
Package pdftex.def Info: Images/alloy_images/alloy_scenario1.png  used on input line 174.
(pdftex.def)             Requested size: 455.24411pt x 178.94713pt.
 [47 <./Images/alloy_images/alloy_scenario1.png (PNG copy)>]
<Images/alloy_images/alloy_scenario2.png, id=945, 1336.995pt x 515.67656pt>
File: Images/alloy_images/alloy_scenario2.png Graphic file (type png)
<use Images/alloy_images/alloy_scenario2.png>
Package pdftex.def Info: Images/alloy_images/alloy_scenario2.png  used on input line 218.
(pdftex.def)             Requested size: 455.24411pt x 175.58737pt.
 [48 <./Images/alloy_images/alloy_scenario2.png (PNG copy)>]
<Images/alloy_images/alloy_scenario3.png, id=980, 906.38625pt x 95.6072pt>
File: Images/alloy_images/alloy_scenario3.png Graphic file (type png)
<use Images/alloy_images/alloy_scenario3.png>
Package pdftex.def Info: Images/alloy_images/alloy_scenario3.png  used on input line 258.
(pdftex.def)             Requested size: 455.24411pt x 48.01938pt.
 [49 <./Images/alloy_images/alloy_scenario3.png (PNG copy)>]
<Images/alloy_images/alloy_scenario4.png, id=1029, 1339.25343pt x 471.26062pt>
File: Images/alloy_images/alloy_scenario4.png Graphic file (type png)
<use Images/alloy_images/alloy_scenario4.png>
Package pdftex.def Info: Images/alloy_images/alloy_scenario4.png  used on input line 313.
(pdftex.def)             Requested size: 455.24411pt x 160.19054pt.
<Images/alloy_images/alloy_scenario5.png, id=1031, 1114.91531pt x 235.63031pt>
File: Images/alloy_images/alloy_scenario5.png Graphic file (type png)
<use Images/alloy_images/alloy_scenario5.png>
Package pdftex.def Info: Images/alloy_images/alloy_scenario5.png  used on input line 339.
(pdftex.def)             Requested size: 455.24411pt x 96.20995pt.

Overfull \hbox (25.4698pt too wide) in paragraph at lines 344--347
\T1/ptm/m/n/10.95 (-20) Three pub-lish-able re-ports ex-ist at the same newest times-tamp ($\OML/cmm/m/it/10.95 t \OT1/cmr/m/n/10.95 = 10$\T1/ptm/m/n/10.95 (-20) ). Two re-ports say \T1/lmtt/m/n/10.95 RequiresMaintenance
 []

[50 <./Images/alloy_images/alloy_scenario4.png (PNG copy)> <./Images/alloy_images/alloy_scenario5.png (PNG copy)>]
<Images/alloy_images/alloy_scenario6.png, id=1054, 1381.41093pt x 322.95656pt>
File: Images/alloy_images/alloy_scenario6.png Graphic file (type png)
<use Images/alloy_images/alloy_scenario6.png>
Package pdftex.def Info: Images/alloy_images/alloy_scenario6.png  used on input line 387.
(pdftex.def)             Requested size: 455.24411pt x 106.42815pt.
<Images/alloy_images/alloy_output.png, id=1056, 950.04938pt x 627.84563pt>
File: Images/alloy_images/alloy_output.png Graphic file (type png)
<use Images/alloy_images/alloy_output.png>
Package pdftex.def Info: Images/alloy_images/alloy_output.png  used on input line 395.
(pdftex.def)             Requested size: 455.24411pt x 300.85472pt.
) [51 <./Images/alloy_images/alloy_scenario6.png (PNG copy)>] [52 <./Images/alloy_images/alloy_output.png (PNG copy)>] (./Files/effort.tex) [53

]
Underfull \hbox (badness 1810) in paragraph at lines 132--135
[]\T1/ptm/m/n/10.95 (+20) Alloy An-a-lyzer.  \T1/ptm/m/it/10.95 (+20) Al-loy An-a-lyzer Doc-u-men-ta-tion (An-a-lyzer Tool-ing)\T1/ptm/m/n/10.95 (+20) .  [][]$\T1/lmtt/m/n/10.95 https : / / alloy .
 []

[54

] (./main.aux)
 ***********
LaTeX2e <2025-11-01>
L3 programming layer <2025-11-14>
 ***********
Package rerunfilecheck Info: File `main.out' has not changed.
(rerunfilecheck)             Checksum: 2FE0D65D082F01344180C324185356C8;10114.
 ) 
Here is how much of TeX's memory you used:
 31135 strings out of 467538
 570643 string characters out of 5397148
 1294013 words of memory out of 5000000
 58542 multiletter control sequences out of 15000+600000
 689274 words of font info for 317 fonts, out of 8000000 for 9000
 1141 hyphenation exceptions out of 8191
 99i,15n,100p,1078b,2041s stack positions out of 10000i,1000n,20000p,200000b,200000s
</opt/texlive/2025/texmf-dist/fonts/type1/public/amsfonts/cm/cmmi10.pfb></opt/texlive/2025/texmf-dist/fonts/type1/public/amsfonts/cm/cmr10.pfb></opt/texlive/2025/texmf-dist/fonts/type1/public/amsfonts/cm/cmsy10.pfb></opt/texlive/2025/texmf-dist/fonts/type1/public/lm/lmtk10.pfb></opt/texlive/2025/texmf-dist/fonts/type1/public/lm/lmtt10.pfb></opt/texlive/2025/texmf-dist/fonts/type1/public/lm/lmtti10.pfb></opt/texlive/2025/texmf-dist/fonts/type1/urw/times/utmb8a.pfb></opt/texlive/2025/texmf-dist/fonts/type1/urw/times/utmr8a.pfb></opt/texlive/2025/texmf-dist/fonts/type1/urw/times/utmri8a.pfb>
Output written on main.pdf (54 pages, 15037741 bytes).
PDF statistics:
 1280 PDF objects out of 1440 (max. 8388607)
 1159 compressed objects within 12 object streams
 579 named destinations out of 1000 (max. 500000)
 61545 words of extra memory for PDF output out of 61914 (max. 10000000)

